<?xml version="1.0" encoding="utf-8"?><testsuites name="pytest tests"><testsuite name="pytest" errors="0" failures="0" skipped="0" tests="10" time="1.341" timestamp="2026-04-22T21:54:30.151575+00:00" hostname="agent-env-e79f47d1-bf5f-4942-90e7-c7266ebefdda"><testcase classname="backend.tests.backend_test.TestRoot" name="test_root_welcome" time="0.383" /><testcase classname="backend.tests.backend_test.TestContact" name="test_create_contact_valid" time="0.062" /><testcase classname="backend.tests.backend_test.TestContact" name="test_create_contact_invalid_email" time="0.051" /><testcase classname="backend.tests.backend_test.TestContact" name="test_create_contact_missing_field" time="0.049" /><testcase classname="backend.tests.backend_test.TestContact" name="test_list_contacts_recent_first" time="0.111" /><testcase classname="backend.tests.backend_test.TestPrayerRequests" name="test_create_prayer_request" time="0.050" /><testcase classname="backend.tests.backend_test.TestPrayerRequests" name="test_create_private_prayer_excluded_from_list" time="0.104" /><testcase classname="backend.tests.backend_test.TestPrayerRequests" name="test_list_prayer_requests_public" time="0.048" /><testcase classname="backend.tests.backend_test.TestPrayerRequests" name="test_pray_increments_count" time="0.153" /><testcase classname="backend.tests.backend_test.TestPrayerRequests" name="test_pray_unknown_id_404" time="0.052" /></testsuite></testsuites>